[2026-06-10T18:22:31.718Z] Lounge backfill start: 100 guide(s) (dry run) — AGP, AMS, ARN, ATH, ATL, AUH, AUS, BCN, BER, BHX, BKK, BOG, BOM, BOS, BRU, BUD, CAI, CAN, CDG, CGK, CGN, CLT, CPH, CTU, CUN, DEL, DEN, DFW, DOH, DTW, DUB, DUS, DXB, EDI, EWR, FCO, FRA, GIG, GLA, GRU, GVA, HAM, HEL, HKG, HND, IAH, ICN, IST, JED, JFK, JNB, KIX, KUL, LAS, LAX, LGW, LHR, LIM, LIS, MAD, MAN, MCO, MEX, MIA, MSP, MUC, MXP, NCE, NRT, ORD, OSL, PEK, PHL, PHX, PKX, PMI, PRG, PVG, RDU, RUH, SAN, SAW, SCL, SEA, SFO, SHA, SIN, SLC, STN, SVO, SYD, SZX, TLV, TPA, TPE, VIE, WAW, WUH, YYZ, ZRH
[2026-06-10T18:22:37.453Z] Lounge backfill start: 1 guide(s) — AMS
[2026-06-10T18:22:48.313Z] Patched AMS with 2 lounge(s) [1/1]
[2026-06-10T18:22:48.314Z] Lounge backfill complete: 1 succeeded, 0 failed.
[2026-06-10T18:23:32.007Z] Lounge backfill start: 98 guide(s) — AGP, ARN, ATH, ATL, AUH, AUS, BCN, BER, BHX, BKK, BOG, BOM, BOS, BRU, BUD, CAI, CAN, CDG, CGK, CGN, CLT, CPH, CTU, CUN, DEL, DEN, DFW, DOH, DTW, DUB, DUS, DXB, EDI, EWR, FCO, FRA, GIG, GLA, GRU, GVA, HAM, HEL, HKG, HND, IAH, ICN, IST, JED, JFK, JNB, KIX, KUL, LAS, LAX, LGW, LHR, LIM, LIS, MAD, MAN, MCO, MEX, MIA, MSP, MUC, MXP, NCE, NRT, ORD, OSL, PEK, PHX, PKX, PMI, PRG, PVG, RDU, RUH, SAN, SAW, SCL, SEA, SFO, SHA, SIN, SLC, STN, SVO, SYD, SZX, TLV, TPA, TPE, VIE, WAW, WUH, YYZ, ZRH
[2026-06-10T18:23:39.363Z] Patched AGP with 1 lounge(s) [1/98]
[2026-06-10T18:23:39.876Z] Patched ATH with 2 lounge(s) [2/98]
[2026-06-10T18:23:47.095Z] Patched AUH with 3 lounge(s) [3/98]
[2026-06-10T18:23:48.568Z] Patched ATL with 3 lounge(s) [4/98]
[2026-06-10T18:23:53.486Z] Patched AUS with 1 lounge(s) [5/98]
[2026-06-10T18:23:56.214Z] Patched BCN with 3 lounge(s) [6/98]
[2026-06-10T18:23:58.883Z] Patched BER with 1 lounge(s) [7/98]
[2026-06-10T18:24:04.453Z] Patched ARN with 2 lounge(s) [8/98]
[2026-06-10T18:24:10.574Z] Patched BHX with 1 lounge(s) [9/98]
[2026-06-10T18:24:13.511Z] Patched BOG with 2 lounge(s) [10/98]
[2026-06-10T18:24:21.195Z] Patched BOS with 2 lounge(s) [11/98]
[2026-06-10T18:24:21.247Z] Patched BOM with 3 lounge(s) [12/98]
[2026-06-10T18:24:27.137Z] Patched BUD with 3 lounge(s) [13/98]
[2026-06-10T18:24:33.726Z] Patched CAI with 3 lounge(s) [14/98]
[2026-06-10T18:24:33.840Z] Patched BRU with 1 lounge(s) [15/98]
[2026-06-10T18:24:36.873Z] Patched BKK with 3 lounge(s) [16/98]
[2026-06-10T18:24:39.524Z] Patched CDG with 3 lounge(s) [17/98]
[2026-06-10T18:24:42.094Z] Patched CGK with 2 lounge(s) [18/98]
[2026-06-10T18:24:44.781Z] Patched CAN with 2 lounge(s) [19/98]
[2026-06-10T18:24:48.842Z] Patched CLT with 1 lounge(s) [20/98]
[2026-06-10T18:24:49.204Z] Patched CGN with 1 lounge(s) [21/98]
[2026-06-10T18:24:56.063Z] Patched CPH with 2 lounge(s) [22/98]
[2026-06-10T18:24:58.249Z] Patched CTU with 2 lounge(s) [23/98]
[2026-06-10T18:24:59.984Z] Patched CUN with 2 lounge(s) [24/98]
[2026-06-10T18:25:07.502Z] Patched DEL with 2 lounge(s) [25/98]
[2026-06-10T18:25:07.670Z] Patched DFW with 2 lounge(s) [26/98]
[2026-06-10T18:25:08.508Z] Patched DEN with 2 lounge(s) [27/98]
[2026-06-10T18:25:14.264Z] Patched DOH with 2 lounge(s) [28/98]
[2026-06-10T18:25:14.781Z] Patched DTW with 1 lounge(s) [29/98]
[2026-06-10T18:25:16.323Z] Patched DUB with 2 lounge(s) [30/98]
[2026-06-10T18:25:21.421Z] Patched DXB with 3 lounge(s) [31/98]
[2026-06-10T18:25:21.744Z] Patched EDI with 1 lounge(s) [32/98]
[2026-06-10T18:25:22.638Z] Patched DUS with 2 lounge(s) [33/98]
[2026-06-10T18:25:28.260Z] Patched FCO with 2 lounge(s) [34/98]
[2026-06-10T18:25:29.998Z] Patched EWR with 2 lounge(s) [35/98]
[2026-06-10T18:25:31.698Z] Patched FRA with 3 lounge(s) [36/98]
[2026-06-10T18:25:34.473Z] Patched GIG with 2 lounge(s) [37/98]
[2026-06-10T18:25:35.314Z] Patched GLA with 1 lounge(s) [38/98]
[2026-06-10T18:25:40.125Z] Patched GRU with 2 lounge(s) [39/98]
[2026-06-10T18:25:42.306Z] Patched HAM with 1 lounge(s) [40/98]
[2026-06-10T18:25:44.329Z] Patched GVA with 2 lounge(s) [41/98]
[2026-06-10T18:25:47.202Z] Patched HEL with 2 lounge(s) [42/98]
[2026-06-10T18:25:48.718Z] Patched HKG with 2 lounge(s) [43/98]
[2026-06-10T18:25:52.361Z] Patched HND with 3 lounge(s) [44/98]
[2026-06-10T18:25:55.113Z] Patched ICN with 2 lounge(s) [45/98]
[2026-06-10T18:25:55.335Z] Patched IAH with 2 lounge(s) [46/98]
[2026-06-10T18:25:59.507Z] Patched IST with 2 lounge(s) [47/98]
[2026-06-10T18:26:02.201Z] Patched JFK with 4 lounge(s) [48/98]
[2026-06-10T18:26:04.932Z] Patched JNB with 2 lounge(s) [49/98]
[2026-06-10T18:26:06.017Z] Patched JED with 2 lounge(s) [50/98]
[2026-06-10T18:26:10.478Z] Patched KIX with 3 lounge(s) [51/98]
[2026-06-10T18:26:10.737Z] Patched KUL with 2 lounge(s) [52/98]
[2026-06-10T18:26:16.928Z] Patched LAS with 2 lounge(s) [53/98]
[2026-06-10T18:26:18.429Z] Patched LGW with 2 lounge(s) [54/98]
[2026-06-10T18:26:20.353Z] Patched LAX with 4 lounge(s) [55/98]
[2026-06-10T18:26:23.169Z] Patched LHR with 3 lounge(s) [56/98]
[2026-06-10T18:26:28.056Z] Patched LIM with 1 lounge(s) [57/98]
[2026-06-10T18:26:30.122Z] Patched LIS with 1 lounge(s) [58/98]
[2026-06-10T18:26:30.237Z] Patched MAD with 2 lounge(s) [59/98]
[2026-06-10T18:26:35.320Z] Patched MAN with 2 lounge(s) [60/98]
[2026-06-10T18:26:37.015Z] Patched MCO with 1 lounge(s) [61/98]
[2026-06-10T18:26:38.056Z] Patched MEX with 3 lounge(s) [62/98]
[2026-06-10T18:26:43.774Z] Patched MUC with 3 lounge(s) [63/98]
[2026-06-10T18:26:44.540Z] Patched MIA with 2 lounge(s) [64/98]
[2026-06-10T18:26:52.400Z] Patched MXP with 2 lounge(s) [65/98]
[2026-06-10T18:26:54.144Z] Patched MSP with 2 lounge(s) [66/98]
[2026-06-10T18:26:54.455Z] Patched NCE with 1 lounge(s) [67/98]
[2026-06-10T18:26:58.628Z] Patched NRT with 2 lounge(s) [68/98]
[2026-06-10T18:27:01.027Z] Patched OSL with 2 lounge(s) [69/98]
[2026-06-10T18:27:03.566Z] Patched ORD with 2 lounge(s) [70/98]
[2026-06-10T18:27:06.364Z] Patched PEK with 2 lounge(s) [71/98]
[2026-06-10T18:27:07.096Z] Patched PHX with 2 lounge(s) [72/98]
[2026-06-10T18:27:10.467Z] Patched PKX with 2 lounge(s) [73/98]
[2026-06-10T18:27:13.617Z] Patched PMI with 1 lounge(s) [74/98]
[2026-06-10T18:27:16.784Z] Patched PRG with 3 lounge(s) [75/98]
[2026-06-10T18:27:18.581Z] Patched PVG with 3 lounge(s) [76/98]
[2026-06-10T18:27:21.387Z] Patched RDU with 1 lounge(s) [77/98]
[2026-06-10T18:27:23.562Z] Patched SAN with 1 lounge(s) [78/98]
[2026-06-10T18:27:26.265Z] Patched RUH with 2 lounge(s) [79/98]
[2026-06-10T18:27:27.798Z] Patched SAW with 1 lounge(s) [80/98]
[2026-06-10T18:27:31.130Z] Patched SCL with 2 lounge(s) [81/98]
[2026-06-10T18:27:33.918Z] Patched SEA with 3 lounge(s) [82/98]
[2026-06-10T18:27:35.641Z] Patched SFO with 3 lounge(s) [83/98]
[2026-06-10T18:27:40.166Z] Patched SIN with 3 lounge(s) [84/98]
[2026-06-10T18:27:41.327Z] Patched SHA with 1 lounge(s) [85/98]
[2026-06-10T18:27:42.814Z] Patched SLC with 1 lounge(s) [86/98]
[2026-06-10T18:27:47.543Z] Patched SVO with 3 lounge(s) [87/98]
[2026-06-10T18:27:48.807Z] Patched STN with 3 lounge(s) [88/98]
[2026-06-10T18:27:50.267Z] Patched SYD with 2 lounge(s) [89/98]
[2026-06-10T18:27:53.643Z] Patched SZX with 2 lounge(s) [90/98]
[2026-06-10T18:27:56.134Z] Patched TPA with 3 lounge(s) [91/98]
[2026-06-10T18:27:58.159Z] Patched TLV with 1 lounge(s) [92/98]
[2026-06-10T18:27:59.352Z] Patched TPE with 2 lounge(s) [93/98]
[2026-06-10T18:28:03.088Z] Patched VIE with 2 lounge(s) [94/98]
[2026-06-10T18:28:06.228Z] Patched WAW with 2 lounge(s) [95/98]
[2026-06-10T18:28:08.975Z] Patched WUH with 1 lounge(s) [96/98]
[2026-06-10T18:28:10.197Z] Patched YYZ with 3 lounge(s) [97/98]
[2026-06-10T18:28:12.724Z] Patched ZRH with 3 lounge(s) [98/98]
[2026-06-10T18:28:12.725Z] Lounge backfill complete: 98 succeeded, 0 failed.
