[2026-05-26T22:43:47.754Z] Batch start: 20 airport(s) (dry run) — #1 ATL, #2 DXB, #3 DFW, #5 HND, #6 DEN, #7 IST, #9 ORD, #10 DEL, #11 CDG, #12 AMS, #13 FRA, #15 CAN, #16 ICN, #17 MIA, #19 SIN, #20 MAD, #22 PHX, #23 SFO, #24 SEA, #25 EWR
[2026-05-26T22:44:08.850Z] Batch start: 5 airport(s) (dry run) — #1 ATL, #2 DXB, #3 DFW, #5 HND, #6 DEN

> travelguide@0.1.0 generate:airports /home/m/travelguide
> tsx --env-file-if-exists=.env.local scripts/generate-airports-batch.ts --limit 15

Batch start: 15 airport(s) — #1 ATL, #2 DXB, #3 DFW, #5 HND, #6 DEN, #7 IST, #9 ORD, #10 DEL, #11 CDG, #12 AMS, #13 FRA, #15 CAN, #16 ICN, #17 MIA, #19 SIN
[2026-05-26T22:44:12.936Z] Batch start: 15 airport(s) — #1 ATL, #2 DXB, #3 DFW, #5 HND, #6 DEN, #7 IST, #9 ORD, #10 DEL, #11 CDG, #12 AMS, #13 FRA, #15 CAN, #16 ICN, #17 MIA, #19 SIN
Generating #1 ATL (Hartsfield-Jackson Atlanta International Airport)…
[2026-05-26T22:44:12.938Z] Generating #1 ATL (Hartsfield-Jackson Atlanta International Airport)…
✅ Generated /home/m/travelguide/content/airports/atl.md
⚠️  Please review carefully for accuracy before committing.
Generating #2 DXB (Dubai International Airport)…
[2026-05-26T22:44:25.632Z] Generating #2 DXB (Dubai International Airport)…
✅ Generated /home/m/travelguide/content/airports/dxb.md
⚠️  Please review carefully for accuracy before committing.
Generating #3 DFW (Dallas/Fort Worth International Airport)…
[2026-05-26T22:44:35.909Z] Generating #3 DFW (Dallas/Fort Worth International Airport)…
✅ Generated /home/m/travelguide/content/airports/dfw.md
⚠️  Please review carefully for accuracy before committing.
Generating #5 HND (Haneda Airport)…
[2026-05-26T22:44:46.664Z] Generating #5 HND (Haneda Airport)…
✅ Generated /home/m/travelguide/content/airports/hnd.md
⚠️  Please review carefully for accuracy before committing.
Generating #6 DEN (Denver International Airport)…
[2026-05-26T22:44:59.376Z] Generating #6 DEN (Denver International Airport)…
✅ Generated /home/m/travelguide/content/airports/den.md
⚠️  Please review carefully for accuracy before committing.
Generating #7 IST (Istanbul Airport)…
[2026-05-26T22:45:11.470Z] Generating #7 IST (Istanbul Airport)…
✅ Generated /home/m/travelguide/content/airports/ist.md
⚠️  Please review carefully for accuracy before committing.
Generating #9 ORD (O'Hare International Airport)…
[2026-05-26T22:45:24.129Z] Generating #9 ORD (O'Hare International Airport)…
✅ Generated /home/m/travelguide/content/airports/ord.md
⚠️  Please review carefully for accuracy before committing.
Generating #10 DEL (Indira Gandhi International Airport)…
[2026-05-26T22:45:36.125Z] Generating #10 DEL (Indira Gandhi International Airport)…
✅ Generated /home/m/travelguide/content/airports/del.md
⚠️  Please review carefully for accuracy before committing.
Generating #11 CDG (Paris Charles de Gaulle Airport)…
[2026-05-26T22:45:56.810Z] Generating #11 CDG (Paris Charles de Gaulle Airport)…
✅ Generated /home/m/travelguide/content/airports/cdg.md
⚠️  Please review carefully for accuracy before committing.
Generating #12 AMS (Amsterdam Airport Schiphol)…
[2026-05-26T22:46:10.225Z] Generating #12 AMS (Amsterdam Airport Schiphol)…
✅ Generated /home/m/travelguide/content/airports/ams.md
⚠️  Please review carefully for accuracy before committing.
Generating #13 FRA (Frankfurt am Main Airport)…
[2026-05-26T22:46:22.688Z] Generating #13 FRA (Frankfurt am Main Airport)…
✅ Generated /home/m/travelguide/content/airports/fra.md
⚠️  Please review carefully for accuracy before committing.
Generating #15 CAN (Guangzhou Baiyun International Airport)…
[2026-05-26T22:46:42.140Z] Generating #15 CAN (Guangzhou Baiyun International Airport)…
✅ Generated /home/m/travelguide/content/airports/can.md
⚠️  Please review carefully for accuracy before committing.
Generating #16 ICN (Incheon International Airport)…
[2026-05-26T22:46:55.270Z] Generating #16 ICN (Incheon International Airport)…
✅ Generated /home/m/travelguide/content/airports/icn.md
⚠️  Please review carefully for accuracy before committing.
Generating #17 MIA (Miami International Airport)…
[2026-05-26T22:47:07.497Z] Generating #17 MIA (Miami International Airport)…
✅ Generated /home/m/travelguide/content/airports/mia.md
⚠️  Please review carefully for accuracy before committing.
Generating #19 SIN (Singapore Changi Airport)…
[2026-05-26T22:47:19.843Z] Generating #19 SIN (Singapore Changi Airport)…
✅ Generated /home/m/travelguide/content/airports/sin.md
⚠️  Please review carefully for accuracy before committing.
Batch complete: 15 succeeded, 0 failed.
[2026-05-26T22:47:30.037Z] Batch complete: 15 succeeded, 0 failed.
[2026-06-10T14:55:41.115Z] Batch start: 80 airport(s) (dry run) — #20 MAD, #22 PHX, #23 SFO, #24 SEA, #25 EWR, #26 MCO, #27 LAS, #28 CLT, #29 BCN, #30 SZX, #31 KUL, #32 PEK, #33 PVG, #34 SVO, #35 GRU, #36 SYD, #37 YYZ, #38 HKG, #39 DOH, #40 BOM, #41 CGK, #42 MEX, #43 FCO, #44 ZRH, #45 VIE, #46 CPH, #47 ARN, #48 NRT, #49 KIX, #50 TPE, #51 DUB, #52 MAN, #53 BOS, #54 IAH, #55 MSP, #56 DTW, #57 PHL, #58 SLC, #59 SAN, #60 TPA, #61 AUS, #62 RDU, #63 SAW, #64 PKX, #65 AUH, #66 JNB, #67 CAI, #68 TLV, #69 ATH, #70 LIS, #71 BRU, #72 GVA, #73 MXP, #74 WAW, #75 PRG, #76 BUD, #77 HEL, #78 OSL, #79 LGW, #80 STN, #81 DUS, #82 BER, #83 CGN, #84 HAM, #85 NCE, #86 BOG, #87 LIM, #88 SCL, #89 GIG, #90 CUN, #91 RUH, #92 JED, #93 CTU, #94 WUH, #95 SHA, #96 EDI, #97 BHX, #98 GLA, #99 AGP, #100 PMI
[2026-06-10T14:56:32.876Z] Batch start: 79 airport(s) — #22 PHX, #23 SFO, #24 SEA, #25 EWR, #26 MCO, #27 LAS, #28 CLT, #29 BCN, #30 SZX, #31 KUL, #32 PEK, #33 PVG, #34 SVO, #35 GRU, #36 SYD, #37 YYZ, #38 HKG, #39 DOH, #40 BOM, #41 CGK, #42 MEX, #43 FCO, #44 ZRH, #45 VIE, #46 CPH, #47 ARN, #48 NRT, #49 KIX, #50 TPE, #51 DUB, #52 MAN, #53 BOS, #54 IAH, #55 MSP, #56 DTW, #57 PHL, #58 SLC, #59 SAN, #60 TPA, #61 AUS, #62 RDU, #63 SAW, #64 PKX, #65 AUH, #66 JNB, #67 CAI, #68 TLV, #69 ATH, #70 LIS, #71 BRU, #72 GVA, #73 MXP, #74 WAW, #75 PRG, #76 BUD, #77 HEL, #78 OSL, #79 LGW, #80 STN, #81 DUS, #82 BER, #83 CGN, #84 HAM, #85 NCE, #86 BOG, #87 LIM, #88 SCL, #89 GIG, #90 CUN, #91 RUH, #92 JED, #93 CTU, #94 WUH, #95 SHA, #96 EDI, #97 BHX, #98 GLA, #99 AGP, #100 PMI
[2026-06-10T14:56:32.878Z] Generating #22 PHX (Phoenix Sky Harbor International Airport)…
[2026-06-10T14:56:45.821Z] Generating #23 SFO (San Francisco International Airport)…
[2026-06-10T14:57:04.567Z] Generating #24 SEA (Seattle-Tacoma International Airport)…
[2026-06-10T14:57:21.495Z] Generating #25 EWR (Newark Liberty International Airport)…
[2026-06-10T14:57:34.606Z] Generating #26 MCO (Orlando International Airport)…
[2026-06-10T14:57:53.025Z] Generating #27 LAS (Harry Reid International Airport)…
[2026-06-10T14:58:09.535Z] Generating #28 CLT (Charlotte Douglas International Airport)…
[2026-06-10T14:58:26.075Z] Generating #29 BCN (Barcelona–El Prat Josep Tarradellas Airport)…
[2026-06-10T14:58:40.963Z] Generating #30 SZX (Shenzhen Bao'an International Airport)…
[2026-06-10T14:58:57.484Z] Generating #31 KUL (Kuala Lumpur International Airport)…
[2026-06-10T14:59:13.769Z] Generating #32 PEK (Beijing Capital International Airport)…
[2026-06-10T14:59:27.001Z] Generating #33 PVG (Shanghai Pudong International Airport)…
[2026-06-10T14:59:40.174Z] Generating #34 SVO (Sheremetyevo International Airport)…
[2026-06-10T14:59:52.866Z] Generating #35 GRU (São Paulo – Guarulhos International Airport)…
[2026-06-10T15:00:06.992Z] Generating #36 SYD (Sydney Airport)…
[2026-06-10T15:00:23.956Z] Generating #37 YYZ (Toronto Pearson International Airport)…
[2026-06-10T15:00:38.817Z] Generating #38 HKG (Hong Kong International Airport)…
[2026-06-10T15:00:55.766Z] Generating #39 DOH (Hamad International Airport)…
[2026-06-10T15:01:16.605Z] Generating #40 BOM (Chhatrapati Shivaji International Airport)…
[2026-06-10T15:01:40.250Z] Generating #41 CGK (Soekarno-Hatta International Airport)…
[2026-06-10T15:01:54.610Z] Generating #42 MEX (Benito Juarez International Airport)…
[2026-06-10T15:02:10.175Z] Generating #43 FCO (Leonardo da Vinci-Fiumicino Airport)…
[2026-06-10T15:02:24.848Z] Generating #44 ZRH (Zürich Airport)…
[2026-06-10T15:02:43.057Z] Generating #45 VIE (Vienna International Airport)…
[2026-06-10T15:02:59.728Z] Generating #46 CPH (Copenhagen Airport)…
[2026-06-10T15:03:17.451Z] Generating #47 ARN (Stockholm-Arlanda Airport)…
[2026-06-10T15:03:33.231Z] Generating #48 NRT (Narita International Airport)…
[2026-06-10T15:03:48.434Z] Generating #49 KIX (Kansai International Airport)…
[2026-06-10T15:04:03.912Z] Generating #50 TPE (Taiwan Taoyuan International Airport)…
[2026-06-10T15:04:17.158Z] Generating #51 DUB (Dublin Airport)…
[2026-06-10T15:04:30.085Z] Generating #52 MAN (Manchester Airport)…
[2026-06-10T15:04:47.888Z] Generating #53 BOS (General Edward Lawrence Logan International Airport)…
[2026-06-10T15:05:01.442Z] Generating #54 IAH (George Bush Intercontinental Airport)…
[2026-06-10T15:05:31.149Z] Generating #55 MSP (Minneapolis-Saint Paul International Airport)…
[2026-06-10T15:05:45.927Z] Generating #56 DTW (Detroit Metro Airport)…
[2026-06-10T15:05:59.084Z] Generating #57 PHL (Philadelphia International Airport)…
[2026-06-10T15:06:12.396Z] Generating #58 SLC (Salt Lake City International Airport)…
[2026-06-10T15:06:33.524Z] Generating #59 SAN (San Diego International Airport)…
[2026-06-10T15:06:48.242Z] Generating #60 TPA (Tampa International Airport)…
[2026-06-10T15:07:02.950Z] Generating #61 AUS (Austin-Bergstrom International Airport)…
[2026-06-10T15:07:16.772Z] Generating #62 RDU (Raleigh–Durham International Airpor)…
[2026-06-10T15:07:30.727Z] Generating #63 SAW (Sabiha Gökçen International Airport)…
[2026-06-10T15:07:44.363Z] Generating #64 PKX (Beijing Daxing International Airport)…
[2026-06-10T15:07:58.578Z] Generating #65 AUH (Abu Dhabi International Airport)…
[2026-06-10T15:08:14.688Z] Generating #66 JNB (Johannesburg airport)…
[2026-06-10T15:08:28.653Z] Generating #67 CAI (Cairo International Airport)…
[2026-06-10T15:08:41.511Z] Generating #68 TLV (Ben Gurion International Airport)…
[2026-06-10T15:08:54.662Z] Generating #69 ATH (Athens International Airport)…
[2026-06-10T15:09:07.758Z] Generating #70 LIS (Lisbon Humberto Delgado Airport)…
[2026-06-10T15:09:22.122Z] Generating #71 BRU (Brussels Airport)…
[2026-06-10T15:09:35.229Z] Generating #72 GVA (Geneva Airport)…
[2026-06-10T15:09:46.612Z] Generating #73 MXP (Milan–Malpensa Airport)…
[2026-06-10T15:10:01.349Z] Generating #74 WAW (Warsaw Chopin Airport)…
[2026-06-10T15:10:18.512Z] Generating #75 PRG (Václav Havel Airport Prague)…
[2026-06-10T15:10:31.876Z] Generating #76 BUD (Budapest Ferenc Liszt International Airport)…
[2026-06-10T15:10:46.936Z] Generating #77 HEL (Helsinki Airport)…
[2026-06-10T15:11:00.293Z] Generating #78 OSL (Oslo Airport, Gardermoen)…
[2026-06-10T15:11:12.793Z] Generating #79 LGW (Gatwick Airport)…
[2026-06-10T15:11:27.199Z] Generating #80 STN (London Stansted Airport)…
[2026-06-10T15:11:39.850Z] Generating #81 DUS (Düsseldorf Airport)…
[2026-06-10T15:11:53.645Z] Generating #82 BER (Berlin Brandenburg Airport)…
[2026-06-10T15:12:07.759Z] Generating #83 CGN (Cologne Bonn Airport)…
[2026-06-10T15:12:22.337Z] Generating #84 HAM (Hamburg Airport)…
[2026-06-10T15:12:35.333Z] Generating #85 NCE (Nice-Côte d'Azur Airport)…
[2026-06-10T15:12:50.725Z] Generating #86 BOG (El Dorado International Airport)…
[2026-06-10T15:13:05.051Z] Generating #87 LIM (Jorge Chávez International Airport)…
[2026-06-10T15:13:18.205Z] Generating #88 SCL (Comodoro Arturo Merino Benítez International Airport)…
[2026-06-10T15:13:33.311Z] Generating #89 GIG (Rio de Janeiro-Galeão International Airport)…
[2026-06-10T15:13:46.593Z] Generating #90 CUN (Cancún International Airport)…
[2026-06-10T15:14:03.117Z] Generating #91 RUH (King Khalid International Airport)…
[2026-06-10T15:14:15.397Z] Generating #92 JED (King Abdulaziz International Airport)…
[2026-06-10T15:14:28.511Z] Generating #93 CTU (Chengdu Shuangliu International Airport)…
[2026-06-10T15:14:45.304Z] Generating #94 WUH (Wuhan Tianhe International Airport)…
[2026-06-10T15:14:59.193Z] Generating #95 SHA (Shanghai Hongqiao International Airport)…
[2026-06-10T15:15:09.380Z] Generating #96 EDI (Edinburgh Airport)…
[2026-06-10T15:15:21.811Z] Generating #97 BHX (Birmingham Airport)…
[2026-06-10T15:15:34.072Z] Generating #98 GLA (Glasgow International Airport)…
[2026-06-10T15:15:49.443Z] Generating #99 AGP (Málaga Airport)…
[2026-06-10T15:16:03.502Z] Generating #100 PMI (Palma de Mallorca Airport)…
[2026-06-10T15:16:14.234Z] Batch complete: 79 succeeded, 0 failed.
